<?xml version="1.0" encoding="UTF-8"?>
<testng-results skipped="0" failed="0" ignored="0" total="1" passed="1">
  <reporter-output>
  </reporter-output>
  <suite name="Default suite" duration-ms="81270" started-at="2020-11-03T11:13:01Z" finished-at="2020-11-03T11:14:22Z">
    <groups>
      <group name="cucumber">
        <method signature="AbstractTestNGCucumberTests.feature(cucumber.api.testng.CucumberFeatureWrapper)[pri:0, instance:com.flipkart.testRunner.Flipkart_TestRunner@79b06cab]" name="feature" class="cucumber.api.testng.AbstractTestNGCucumberTests"/>
      </group> <!-- cucumber -->
    </groups>
    <test name="Default test" duration-ms="81270" started-at="2020-11-03T11:13:01Z" finished-at="2020-11-03T11:14:22Z">
      <class name="com.flipkart.testRunner.Flipkart_TestRunner">
        <test-method status="PASS" signature="setUpClass()[pri:0, instance:com.flipkart.testRunner.Flipkart_TestRunner@79b06cab]" name="setUpClass" is-config="true" duration-ms="191" started-at="2020-11-03T11:13:01Z" finished-at="2020-11-03T11:13:01Z">
          <reporter-output>
          </reporter-output>
        </test-method> <!-- setUpClass -->
        <test-method status="PASS" signature="feature(cucumber.api.testng.CucumberFeatureWrapper)[pri:0, instance:com.flipkart.testRunner.Flipkart_TestRunner@79b06cab]" name="feature" duration-ms="80756" started-at="2020-11-03T11:13:01Z" description="Runs Cucumber Feature" data-provider="features" finished-at="2020-11-03T11:14:22Z">
          <params>
            <param index="0">
              <value>
                <![CDATA[Flipkart Feature]]>
              </value>
            </param>
          </params>
          <reporter-output>
          </reporter-output>
        </test-method> <!-- feature -->
        <test-method status="PASS" signature="writeExtentReport()[pri:0, instance:com.flipkart.testRunner.Flipkart_TestRunner@79b06cab]" name="writeExtentReport" is-config="true" duration-ms="14" started-at="2020-11-03T11:14:22Z" finished-at="2020-11-03T11:14:22Z">
          <reporter-output>
          </reporter-output>
        </test-method> <!-- writeExtentReport -->
        <test-method status="PASS" signature="tearDownClass()[pri:0, instance:com.flipkart.testRunner.Flipkart_TestRunner@79b06cab]" name="tearDownClass" is-config="true" duration-ms="233" started-at="2020-11-03T11:14:22Z" finished-at="2020-11-03T11:14:22Z">
          <reporter-output>
          </reporter-output>
        </test-method> <!-- tearDownClass -->
      </class> <!-- com.flipkart.testRunner.Flipkart_TestRunner -->
    </test> <!-- Default test -->
  </suite> <!-- Default suite -->
</testng-results>
